c:\users\memog\documents\school\quarter_09\vgp430 senior project\repo\ai\x64\debug\ai.pch
c:\users\memog\documents\school\quarter_09\vgp430 senior project\repo\x64\debug\ai.pdb
c:\users\memog\documents\school\quarter_09\vgp430 senior project\repo\x64\debug\ai.idb
c:\users\memog\documents\school\quarter_09\vgp430 senior project\repo\ai\x64\debug\precompiled.obj
c:\users\memog\documents\school\quarter_09\vgp430 senior project\repo\ai\x64\debug\wanderbehavior.obj
c:\users\memog\documents\school\quarter_09\vgp430 senior project\repo\ai\x64\debug\steeringmodule.obj
c:\users\memog\documents\school\quarter_09\vgp430 senior project\repo\ai\x64\debug\separationbehavior.obj
c:\users\memog\documents\school\quarter_09\vgp430 senior project\repo\ai\x64\debug\seekbehavior.obj
c:\users\memog\documents\school\quarter_09\vgp430 senior project\repo\ai\x64\debug\perceptionmodule.obj
c:\users\memog\documents\school\quarter_09\vgp430 senior project\repo\ai\x64\debug\obstacleavoidancebehavior.obj
c:\users\memog\documents\school\quarter_09\vgp430 senior project\repo\ai\x64\debug\gridbasedgraph.obj
c:\users\memog\documents\school\quarter_09\vgp430 senior project\repo\ai\x64\debug\entity.obj
c:\users\memog\documents\school\quarter_09\vgp430 senior project\repo\ai\x64\debug\dijkstra.obj
c:\users\memog\documents\school\quarter_09\vgp430 senior project\repo\ai\x64\debug\dfs.obj
c:\users\memog\documents\school\quarter_09\vgp430 senior project\repo\ai\x64\debug\cohesionbehavior.obj
c:\users\memog\documents\school\quarter_09\vgp430 senior project\repo\ai\x64\debug\bfs.obj
c:\users\memog\documents\school\quarter_09\vgp430 senior project\repo\ai\x64\debug\arrivebehavior.obj
c:\users\memog\documents\school\quarter_09\vgp430 senior project\repo\ai\x64\debug\alignmentbehavior.obj
c:\users\memog\documents\school\quarter_09\vgp430 senior project\repo\ai\x64\debug\astar.obj
c:\users\memog\documents\school\quarter_09\vgp430 senior project\repo\ai\x64\debug\aiworld.obj
c:\users\memog\documents\school\quarter_09\vgp430 senior project\repo\x64\debug\ai.lib
c:\users\memog\documents\school\quarter_09\vgp430 senior project\rts_halloweenwars\ai\x64\debug\aiworld.obj
c:\users\memog\documents\school\quarter_09\vgp430 senior project\rts_halloweenwars\ai\x64\debug\alignmentbehavior.obj
c:\users\memog\documents\school\quarter_09\vgp430 senior project\rts_halloweenwars\ai\x64\debug\arrivebehavior.obj
c:\users\memog\documents\school\quarter_09\vgp430 senior project\rts_halloweenwars\ai\x64\debug\astar.obj
c:\users\memog\documents\school\quarter_09\vgp430 senior project\rts_halloweenwars\ai\x64\debug\bfs.obj
c:\users\memog\documents\school\quarter_09\vgp430 senior project\rts_halloweenwars\ai\x64\debug\cohesionbehavior.obj
c:\users\memog\documents\school\quarter_09\vgp430 senior project\rts_halloweenwars\ai\x64\debug\dfs.obj
c:\users\memog\documents\school\quarter_09\vgp430 senior project\rts_halloweenwars\ai\x64\debug\dijkstra.obj
c:\users\memog\documents\school\quarter_09\vgp430 senior project\rts_halloweenwars\ai\x64\debug\entity.obj
c:\users\memog\documents\school\quarter_09\vgp430 senior project\rts_halloweenwars\ai\x64\debug\gridbasedgraph.obj
c:\users\memog\documents\school\quarter_09\vgp430 senior project\rts_halloweenwars\ai\x64\debug\obstacleavoidancebehavior.obj
c:\users\memog\documents\school\quarter_09\vgp430 senior project\rts_halloweenwars\ai\x64\debug\perceptionmodule.obj
c:\users\memog\documents\school\quarter_09\vgp430 senior project\rts_halloweenwars\ai\x64\debug\precompiled.obj
c:\users\memog\documents\school\quarter_09\vgp430 senior project\rts_halloweenwars\ai\x64\debug\seekbehavior.obj
c:\users\memog\documents\school\quarter_09\vgp430 senior project\rts_halloweenwars\ai\x64\debug\separationbehavior.obj
c:\users\memog\documents\school\quarter_09\vgp430 senior project\rts_halloweenwars\ai\x64\debug\steeringmodule.obj
c:\users\memog\documents\school\quarter_09\vgp430 senior project\rts_halloweenwars\ai\x64\debug\wanderbehavior.obj
c:\users\memog\documents\school\quarter_09\vgp430 senior project\rts_halloweenwars\ai\x64\debug\ai.pch
c:\users\memog\documents\school\quarter_09\vgp430 senior project\rts_halloweenwars\x64\debug\ai.pdb
c:\users\memog\documents\school\quarter_09\vgp430 senior project\rts_halloweenwars\x64\debug\ai.lib
c:\users\memog\documents\school\quarter_09\vgp430 senior project\rts_halloweenwars\ai\x64\debug\ai.tlog\cl.command.1.tlog
c:\users\memog\documents\school\quarter_09\vgp430 senior project\rts_halloweenwars\ai\x64\debug\ai.tlog\cl.read.1.tlog
c:\users\memog\documents\school\quarter_09\vgp430 senior project\rts_halloweenwars\ai\x64\debug\ai.tlog\cl.write.1.tlog
c:\users\memog\documents\school\quarter_09\vgp430 senior project\rts_halloweenwars\ai\x64\debug\ai.tlog\lib-link.read.1.tlog
c:\users\memog\documents\school\quarter_09\vgp430 senior project\rts_halloweenwars\ai\x64\debug\ai.tlog\lib-link.write.1.tlog
c:\users\memog\documents\school\quarter_09\vgp430 senior project\rts_halloweenwars\ai\x64\debug\ai.tlog\lib.command.1.tlog
