  Precompiled.cpp
  AIWorld.cpp
  AlignmentBehavior.cpp
C:\Users\memog\Documents\School\Quarter_09\VGP430 Senior Project\RTS_HalloweenWars\AI\Src\AlignmentBehavior.cpp(33,60): warning C4244: 'argument': conversion from 'unsigned __int64' to 'float', possible loss of data
  ArriveBehavior.cpp
  AStar.cpp
  BFS.cpp
  CohesionBehavior.cpp
C:\Users\memog\Documents\School\Quarter_09\VGP430 Senior Project\RTS_HalloweenWars\AI\Src\CohesionBehavior.cpp(31,58): warning C4244: 'argument': conversion from 'unsigned __int64' to 'float', possible loss of data
  DFS.cpp
  Dijkstra.cpp
  Entity.cpp
  GridBasedGraph.cpp
  ObstacleAvoidanceBehavior.cpp
  PerceptionModule.cpp
  SeekBehavior.cpp
  SeparationBehavior.cpp
  SteeringModule.cpp
  WanderBehavior.cpp
  AI.vcxproj -> C:\Users\memog\Documents\School\Quarter_09\VGP430 Senior Project\RTS_HalloweenWars\x64\Release\AI.lib
